<?xml version="1.0" encoding="UTF-8"?>
<testsuite xmlns:xsi="http://www.w3.org/2001/XMLSchema-instance" xsi:noNamespaceSchemaLocation="https://maven.apache.org/surefire/maven-surefire-plugin/xsd/surefire-test-report.xsd" name="com.assignment.testRunner.postdetailRunnerTest" time="3.823" tests="20" errors="2" skipped="1" failures="6">
  <properties>
    <property name="sun.desktop" value="windows"/>
    <property name="awt.toolkit" value="sun.awt.windows.WToolkit"/>
    <property name="file.encoding.pkg" value="sun.io"/>
    <property name="java.specification.version" value="1.8"/>
    <property name="sun.cpu.isalist" value="amd64"/>
    <property name="sun.jnu.encoding" value="Cp1252"/>
    <property name="java.class.path" value="D:\Visaspace\projectone\target\test-classes;D:\Visaspace\projectone\target\classes;C:\Users\VISA\.m2\repository\junit\junit\4.12\junit-4.12.jar;C:\Users\VISA\.m2\repository\org\hamcrest\hamcrest-core\1.3\hamcrest-core-1.3.jar;C:\Users\VISA\.m2\repository\info\cukes\cucumber-java\1.2.4\cucumber-java-1.2.4.jar;C:\Users\VISA\.m2\repository\info\cukes\cucumber-core\1.2.4\cucumber-core-1.2.4.jar;C:\Users\VISA\.m2\repository\info\cukes\cucumber-html\0.2.3\cucumber-html-0.2.3.jar;C:\Users\VISA\.m2\repository\info\cukes\cucumber-jvm-deps\1.0.5\cucumber-jvm-deps-1.0.5.jar;C:\Users\VISA\.m2\repository\info\cukes\gherkin\2.12.2\gherkin-2.12.2.jar;C:\Users\VISA\.m2\repository\info\cukes\cucumber-junit\1.2.4\cucumber-junit-1.2.4.jar;C:\Users\VISA\.m2\repository\commons-httpclient\commons-httpclient\3.1\commons-httpclient-3.1.jar;C:\Users\VISA\.m2\repository\commons-logging\commons-logging\1.0.4\commons-logging-1.0.4.jar;C:\Users\VISA\.m2\repository\commons-codec\commons-codec\1.2\commons-codec-1.2.jar;C:\Users\VISA\.m2\repository\io\cucumber\pro-plugin\2.1.0\pro-plugin-2.1.0.jar;C:\Users\VISA\.m2\repository\org\json\org.json\2.0\org.json-2.0.jar;"/>
    <property name="java.vm.vendor" value="Oracle Corporation"/>
    <property name="sun.arch.data.model" value="64"/>
    <property name="user.variant" value=""/>
    <property name="java.vendor.url" value="http://java.oracle.com/"/>
    <property name="user.timezone" value=""/>
    <property name="java.vm.specification.version" value="1.8"/>
    <property name="os.name" value="Windows 10"/>
    <property name="user.country" value="IN"/>
    <property name="sun.java.launcher" value="SUN_STANDARD"/>
    <property name="sun.boot.library.path" value="C:\Program Files\Java\jdk1.8.0_191\jre\bin"/>
    <property name="sun.java.command" value="C:\Users\VISA\AppData\Local\Temp\surefire7948407935923087050\surefirebooter5339929121715016346.jar C:\Users\VISA\AppData\Local\Temp\surefire7948407935923087050 2018-12-06T00-19-17_888-jvmRun1 surefire666920566896593537tmp surefire_01242650403697996213tmp"/>
    <property name="surefire.test.class.path" value="D:\Visaspace\projectone\target\test-classes;D:\Visaspace\projectone\target\classes;C:\Users\VISA\.m2\repository\junit\junit\4.12\junit-4.12.jar;C:\Users\VISA\.m2\repository\org\hamcrest\hamcrest-core\1.3\hamcrest-core-1.3.jar;C:\Users\VISA\.m2\repository\info\cukes\cucumber-java\1.2.4\cucumber-java-1.2.4.jar;C:\Users\VISA\.m2\repository\info\cukes\cucumber-core\1.2.4\cucumber-core-1.2.4.jar;C:\Users\VISA\.m2\repository\info\cukes\cucumber-html\0.2.3\cucumber-html-0.2.3.jar;C:\Users\VISA\.m2\repository\info\cukes\cucumber-jvm-deps\1.0.5\cucumber-jvm-deps-1.0.5.jar;C:\Users\VISA\.m2\repository\info\cukes\gherkin\2.12.2\gherkin-2.12.2.jar;C:\Users\VISA\.m2\repository\info\cukes\cucumber-junit\1.2.4\cucumber-junit-1.2.4.jar;C:\Users\VISA\.m2\repository\commons-httpclient\commons-httpclient\3.1\commons-httpclient-3.1.jar;C:\Users\VISA\.m2\repository\commons-logging\commons-logging\1.0.4\commons-logging-1.0.4.jar;C:\Users\VISA\.m2\repository\commons-codec\commons-codec\1.2\commons-codec-1.2.jar;C:\Users\VISA\.m2\repository\io\cucumber\pro-plugin\2.1.0\pro-plugin-2.1.0.jar;C:\Users\VISA\.m2\repository\org\json\org.json\2.0\org.json-2.0.jar;"/>
    <property name="sun.cpu.endian" value="little"/>
    <property name="user.home" value="C:\Users\VISA"/>
    <property name="user.language" value="en"/>
    <property name="java.specification.vendor" value="Oracle Corporation"/>
    <property name="java.home" value="C:\Program Files\Java\jdk1.8.0_191\jre"/>
    <property name="basedir" value="D:\Visaspace\projectone"/>
    <property name="file.separator" value="\"/>
    <property name="line.separator" value="&#10;"/>
    <property name="java.vm.specification.vendor" value="Oracle Corporation"/>
    <property name="java.specification.name" value="Java Platform API Specification"/>
    <property name="java.awt.graphicsenv" value="sun.awt.Win32GraphicsEnvironment"/>
    <property name="surefire.real.class.path" value="C:\Users\VISA\AppData\Local\Temp\surefire7948407935923087050\surefirebooter5339929121715016346.jar"/>
    <property name="sun.boot.class.path" value="C:\Program Files\Java\jdk1.8.0_191\jre\lib\resources.jar;C:\Program Files\Java\jdk1.8.0_191\jre\lib\rt.jar;C:\Program Files\Java\jdk1.8.0_191\jre\lib\sunrsasign.jar;C:\Program Files\Java\jdk1.8.0_191\jre\lib\jsse.jar;C:\Program Files\Java\jdk1.8.0_191\jre\lib\jce.jar;C:\Program Files\Java\jdk1.8.0_191\jre\lib\charsets.jar;C:\Program Files\Java\jdk1.8.0_191\jre\lib\jfr.jar;C:\Program Files\Java\jdk1.8.0_191\jre\classes"/>
    <property name="user.script" value=""/>
    <property name="sun.management.compiler" value="HotSpot 64-Bit Tiered Compilers"/>
    <property name="java.runtime.version" value="1.8.0_191-b12"/>
    <property name="user.name" value="VISA"/>
    <property name="path.separator" value=";"/>
    <property name="os.version" value="10.0"/>
    <property name="java.endorsed.dirs" value="C:\Program Files\Java\jdk1.8.0_191\jre\lib\endorsed"/>
    <property name="java.runtime.name" value="Java(TM) SE Runtime Environment"/>
    <property name="file.encoding" value="Cp1252"/>
    <property name="java.vm.name" value="Java HotSpot(TM) 64-Bit Server VM"/>
    <property name="localRepository" value="C:\Users\VISA\.m2\repository"/>
    <property name="java.vendor.url.bug" value="http://bugreport.sun.com/bugreport/"/>
    <property name="java.io.tmpdir" value="C:\Users\VISA\AppData\Local\Temp\"/>
    <property name="java.version" value="1.8.0_191"/>
    <property name="user.dir" value="D:\Visaspace\projectone"/>
    <property name="os.arch" value="amd64"/>
    <property name="java.vm.specification.name" value="Java Virtual Machine Specification"/>
    <property name="java.awt.printerjob" value="sun.awt.windows.WPrinterJob"/>
    <property name="sun.os.patch.level" value=""/>
    <property name="java.library.path" value="C:\Program Files\Java\jdk1.8.0_191\jre\bin;C:\Windows\Sun\Java\bin;C:\Windows\system32;C:\Windows;C:\Program Files (x86)\Common Files\Oracle\Java\javapath;C:\Program Files (x86)\Intel\iCLS Client\;C:\Program Files\Intel\iCLS Client\;C:\Windows\system32;C:\Windows;C:\Windows\System32\Wbem;C:\Windows\System32\WindowsPowerShell\v1.0\;C:\Program Files (x86)\Intel\Intel(R) Management Engine Components\DAL;C:\Program Files\Intel\Intel(R) Management Engine Components\DAL;C:\Program Files (x86)\Intel\Intel(R) Management Engine Components\IPT;C:\Program Files\Intel\Intel(R) Management Engine Components\IPT;C:\Program Files\Java\jdk1.8.0_191\bin;C:\Users\VISA\Downloads\apache-maven-3.6.0-bin\apache-maven-3.6.0\bin;C:\Users\VISA\AppData\Local\Microsoft\WindowsApps;;."/>
    <property name="java.vm.info" value="mixed mode"/>
    <property name="java.vendor" value="Oracle Corporation"/>
    <property name="java.vm.version" value="25.191-b12"/>
    <property name="java.ext.dirs" value="C:\Program Files\Java\jdk1.8.0_191\jre\lib\ext;C:\Windows\Sun\Java\lib\ext"/>
    <property name="sun.io.unicode.encoding" value="UnicodeLittle"/>
    <property name="java.class.version" value="52.0"/>
  </properties>
  <testcase name="Given The post endpoint &quot;http://ec2-54-174-213-136.compute-1.amazonaws.com:3000/&quot;" classname="| 200 |" time="0"/>
  <testcase name="And Post content type &quot;application/json; charset=utf-8&quot;" classname="| 200 |" time="0"/>
  <testcase name="Then Send new 200" classname="| 200 |" time="0.002">
    <error message="Server returned HTTP response code: 500 for URL: http://ec2-54-174-213-136.compute-1.amazonaws.com:3000/posts" type="java.io.IOException">java.io.IOException: Server returned HTTP response code: 500 for URL: http://ec2-54-174-213-136.compute-1.amazonaws.com:3000/posts
Caused by: java.io.IOException: Server returned HTTP response code: 500 for URL: http://ec2-54-174-213-136.compute-1.amazonaws.com:3000/posts
</error>
    <system-out><![CDATA[sending new post *************************
Request ID 138

Sending 'POST' request to URL : http://ec2-54-174-213-136.compute-1.amazonaws.com:3000/posts
Post parameters : { "postId": 15, "id": 138, "name":"Posting  for assignment","email": "kumar.deepaktiwari@gmail.com", "body": "POST api test"}
Response Code : 500
]]></system-out>
  </testcase>
  <testcase name="| 200 |" classname="| 200 |" time="0.002">
    <error message="Server returned HTTP response code: 500 for URL: http://ec2-54-174-213-136.compute-1.amazonaws.com:3000/posts" type="java.io.IOException">java.io.IOException: Server returned HTTP response code: 500 for URL: http://ec2-54-174-213-136.compute-1.amazonaws.com:3000/posts
Caused by: java.io.IOException: Server returned HTTP response code: 500 for URL: http://ec2-54-174-213-136.compute-1.amazonaws.com:3000/posts
</error>
  </testcase>
  <testcase name="And Update post" classname="| 200 |" time="0">
    <skipped/>
  </testcase>
  <testcase name="Given The post endpoint &quot;http://ec2-54-174-213-136.compute-1.amazonaws.com:3000/&quot;" classname="| 400 |" time="0"/>
  <testcase name="And Post content type &quot;application/json; charset=utf-8&quot;" classname="| 400 |" time="0"/>
  <testcase name="Then Send new 400" classname="| 400 |" time="0"/>
  <testcase name="And Update post" classname="| 400 |" time="0.001">
    <failure message="PUT request update failed  expected:&lt;200&gt; but was:&lt;404&gt;" type="java.lang.AssertionError"><![CDATA[java.lang.AssertionError: PUT request update failed  expected:<200> but was:<404>
]]></failure>
    <system-out><![CDATA[updating post *****************************
]]></system-out>
  </testcase>
  <testcase name="| 400 |" classname="| 400 |" time="0.001">
    <failure message="PUT request update failed  expected:&lt;200&gt; but was:&lt;404&gt;" type="java.lang.AssertionError"><![CDATA[java.lang.AssertionError: PUT request update failed  expected:<200> but was:<404>
]]></failure>
  </testcase>
  <testcase name="Given The post endpoint &quot;http://ec2-54-174-213-136.compute-1.amazonaws.com:3000/&quot;" classname="| 600 |" time="0"/>
  <testcase name="And Post content type &quot;application/json; charset=utf-8&quot;" classname="| 600 |" time="0"/>
  <testcase name="Then Send new 600" classname="| 600 |" time="0"/>
  <testcase name="And Update post" classname="| 600 |" time="0">
    <failure message="PUT request update failed  expected:&lt;200&gt; but was:&lt;404&gt;" type="java.lang.AssertionError"><![CDATA[java.lang.AssertionError: PUT request update failed  expected:<200> but was:<404>
]]></failure>
    <system-out><![CDATA[updating post *****************************
]]></system-out>
  </testcase>
  <testcase name="| 600 |" classname="| 600 |" time="0">
    <failure message="PUT request update failed  expected:&lt;200&gt; but was:&lt;404&gt;" type="java.lang.AssertionError"><![CDATA[java.lang.AssertionError: PUT request update failed  expected:<200> but was:<404>
]]></failure>
  </testcase>
  <testcase name="Given The post endpoint &quot;http://ec2-54-174-213-136.compute-1.amazonaws.com:3000/&quot;" classname="| 800 |" time="0"/>
  <testcase name="And Post content type &quot;application/json; charset=utf-8&quot;" classname="| 800 |" time="0"/>
  <testcase name="Then Send new 800" classname="| 800 |" time="0"/>
  <testcase name="And Update post" classname="| 800 |" time="0.001">
    <failure message="PUT request update failed  expected:&lt;200&gt; but was:&lt;404&gt;" type="java.lang.AssertionError"><![CDATA[java.lang.AssertionError: PUT request update failed  expected:<200> but was:<404>
]]></failure>
    <system-out><![CDATA[updating post *****************************
]]></system-out>
  </testcase>
  <testcase name="| 800 |" classname="| 800 |" time="0.002">
    <failure message="PUT request update failed  expected:&lt;200&gt; but was:&lt;404&gt;" type="java.lang.AssertionError"><![CDATA[java.lang.AssertionError: PUT request update failed  expected:<200> but was:<404>
]]></failure>
  </testcase>
</testsuite>